# JRE version: OpenJDK Runtime Environment JBR-11.0.9.1.11-1145.63-jcef (11.0.9.1+11) (build 11.0.9.1+11-b1145.63)
# Java VM: OpenJDK 64-Bit Server VM JBR-11.0.9.1.11-1145.63-jcef (11.0.9.1+11-b1145.63, mixed mode, tiered, compressed oops, g1 gc, windows-amd64)
Heap:
 garbage-first heap   total 189440K, used 26944K [0x0000000081c00000, 0x0000000100000000)
  region size 1024K, 5 young (5120K), 5 survivors (5120K)
 Metaspace       used 57282K, capacity 58958K, committed 59136K, reserved 1116160K
  class space    used 7515K, capacity 8174K, committed 8192K, reserved 1048576K
GC Heap History (20 events):
Event: 2.910 GC heap after
{Heap after GC invocations=2 (full 0):
 garbage-first heap   total 131072K, used 7759K [0x0000000081c00000, 0x0000000100000000)
  region size 1024K, 1 young (1024K), 1 survivors (1024K)
 Metaspace       used 14256K, capacity 14658K, committed 14720K, reserved 1062912K
  class space    used 1504K, capacity 1634K, committed 1664K, reserved 1048576K
}
Event: 3.060 GC heap before
{Heap before GC invocations=2 (full 0):
 garbage-first heap   total 131072K, used 30287K [0x0000000081c00000, 0x0000000100000000)
  region size 1024K, 24 young (24576K), 1 survivors (1024K)
 Metaspace       used 14639K, capacity 14973K, committed 15104K, reserved 1062912K
  class space    used 1551K, capacity 1675K, committed 1792K, reserved 1048576K
}
Event: 3.063 GC heap after
{Heap after GC invocations=3 (full 0):
 garbage-first heap   total 131072K, used 7940K [0x0000000081c00000, 0x0000000100000000)
  region size 1024K, 2 young (2048K), 2 survivors (2048K)
 Metaspace       used 14639K, capacity 14973K, committed 15104K, reserved 1062912K
  class space    used 1551K, capacity 1675K, committed 1792K, reserved 1048576K
}
Event: 3.985 GC heap before
{Heap before GC invocations=3 (full 0):
 garbage-first heap   total 131072K, used 42756K [0x0000000081c00000, 0x0000000100000000)
  region size 1024K, 37 young (37888K), 2 survivors (2048K)
 Metaspace       used 18125K, capacity 18686K, committed 18944K, reserved 1067008K
  class space    used 2039K, capacity 2265K, committed 2304K, reserved 1048576K
}
Event: 4.026 GC heap after
{Heap after GC invocations=4 (full 0):
 garbage-first heap   total 131072K, used 8938K [0x0000000081c00000, 0x0000000100000000)
  region size 1024K, 3 young (3072K), 3 survivors (3072K)
 Metaspace       used 18125K, capacity 18686K, committed 18944K, reserved 1067008K
  class space    used 2039K, capacity 2265K, committed 2304K, reserved 1048576K
}
Event: 4.288 GC heap before
{Heap before GC invocations=4 (full 0):
 garbage-first heap   total 131072K, used 19178K [0x0000000081c00000, 0x0000000100000000)
  region size 1024K, 14 young (14336K), 3 survivors (3072K)
 Metaspace       used 20309K, capacity 21082K, committed 21248K, reserved 1067008K
  class space    used 2394K, capacity 2699K, committed 2816K, reserved 1048576K
}
Event: 4.299 GC heap after
{Heap after GC invocations=5 (full 0):
 garbage-first heap   total 131072K, used 9717K [0x0000000081c00000, 0x0000000100000000)
  region size 1024K, 3 young (3072K), 3 survivors (3072K)
 Metaspace       used 20309K, capacity 21082K, committed 21248K, reserved 1067008K
  class space    used 2394K, capacity 2699K, committed 2816K, reserved 1048576K
}
Event: 5.618 GC heap before
{Heap before GC invocations=6 (full 0):
 garbage-first heap   total 131072K, used 83445K [0x0000000081c00000, 0x0000000100000000)
  region size 1024K, 76 young (77824K), 3 survivors (3072K)
 Metaspace       used 25576K, capacity 26519K, committed 26752K, reserved 1073152K
  class space    used 3058K, capacity 3408K, committed 3456K, reserved 1048576K
}
Event: 5.633 GC heap after
{Heap after GC invocations=7 (full 0):
 garbage-first heap   total 131072K, used 11645K [0x0000000081c00000, 0x0000000100000000)
  region size 1024K, 5 young (5120K), 5 survivors (5120K)
 Metaspace       used 25576K, capacity 26519K, committed 26752K, reserved 1073152K
  class space    used 3058K, capacity 3408K, committed 3456K, reserved 1048576K
}
Event: 8.106 GC heap before
{Heap before GC invocations=7 (full 0):
 garbage-first heap   total 131072K, used 84349K [0x0000000081c00000, 0x0000000100000000)
  region size 1024K, 76 young (77824K), 5 survivors (5120K)
 Metaspace       used 31604K, capacity 32870K, committed 33024K, reserved 1077248K
  class space    used 4004K, capacity 4533K, committed 4608K, reserved 1048576K
}
Event: 8.121 GC heap after
{Heap after GC invocations=8 (full 0):
 garbage-first heap   total 131072K, used 14975K [0x0000000081c00000, 0x0000000100000000)
  region size 1024K, 8 young (8192K), 8 survivors (8192K)
 Metaspace       used 31604K, capacity 32870K, committed 33024K, reserved 1077248K
  class space    used 4004K, capacity 4533K, committed 4608K, reserved 1048576K
}
Event: 8.713 GC heap before
{Heap before GC invocations=8 (full 0):
 garbage-first heap   total 131072K, used 83583K [0x0000000081c00000, 0x0000000100000000)
  region size 1024K, 76 young (77824K), 8 survivors (8192K)
 Metaspace       used 33533K, capacity 34889K, committed 35072K, reserved 1079296K
  class space    used 4208K, capacity 4758K, committed 4864K, reserved 1048576K
}
Event: 8.730 GC heap after
{Heap after GC invocations=9 (full 0):
 garbage-first heap   total 157696K, used 16272K [0x0000000081c00000, 0x0000000100000000)
  region size 1024K, 6 young (6144K), 6 survivors (6144K)
 Metaspace       used 33533K, capacity 34889K, committed 35072K, reserved 1079296K
  class space    used 4208K, capacity 4758K, committed 4864K, reserved 1048576K
}
Event: 9.031 GC heap before
{Heap before GC invocations=9 (full 0):
 garbage-first heap   total 157696K, used 54160K [0x0000000081c00000, 0x0000000100000000)
  region size 1024K, 45 young (46080K), 6 survivors (6144K)
 Metaspace       used 34364K, capacity 35706K, committed 35840K, reserved 1081344K
  class space    used 4330K, capacity 4882K, committed 4992K, reserved 1048576K
}
Event: 9.043 GC heap after
{Heap after GC invocations=10 (full 0):
 garbage-first heap   total 157696K, used 16748K [0x0000000081c00000, 0x0000000100000000)
  region size 1024K, 6 young (6144K), 6 survivors (6144K)
 Metaspace       used 34364K, capacity 35706K, committed 35840K, reserved 1081344K
  class space    used 4330K, capacity 4882K, committed 4992K, reserved 1048576K
}
Event: 11.189 GC heap before
{Heap before GC invocations=11 (full 0):
 garbage-first heap   total 157696K, used 104812K [0x0000000081c00000, 0x0000000100000000)
  region size 1024K, 92 young (94208K), 6 survivors (6144K)
 Metaspace       used 47397K, capacity 48824K, committed 49024K, reserved 1091584K
  class space    used 6088K, capacity 6666K, committed 6784K, reserved 1048576K
}
Event: 11.206 GC heap after
{Heap after GC invocations=12 (full 0):
 garbage-first heap   total 157696K, used 23201K [0x0000000081c00000, 0x0000000100000000)
  region size 1024K, 12 young (12288K), 12 survivors (12288K)
 Metaspace       used 47397K, capacity 48824K, committed 49024K, reserved 1091584K
  class space    used 6088K, capacity 6666K, committed 6784K, reserved 1048576K
}
Event: 12.795 GC heap before
{Heap before GC invocations=12 (full 0):
 garbage-first heap   total 157696K, used 94881K [0x0000000081c00000, 0x0000000100000000)
  region size 1024K, 83 young (84992K), 12 survivors (12288K)
 Metaspace       used 56277K, capacity 57852K, committed 57984K, reserved 1105920K
  class space    used 7329K, capacity 7962K, committed 8064K, reserved 1048576K
}
Event: 12.819 GC heap after
{Heap after GC invocations=13 (full 0):
 garbage-first heap   total 157696K, used 26731K [0x0000000081c00000, 0x0000000100000000)
  region size 1024K, 4 young (4096K), 4 survivors (4096K)
 Metaspace       used 56277K, capacity 57852K, committed 57984K, reserved 1105920K
  class space    used 7329K, capacity 7962K, committed 8064K, reserved 1048576K
}
Event: 13.097 GC heap before
{Heap before GC invocations=14 (full 0):
 garbage-first heap   total 157696K, used 39019K [0x0000000081c00000, 0x0000000100000000)
  region size 1024K, 17 young (17408K), 4 survivors (4096K)
 Metaspace       used 57282K, capacity 58958K, committed 59136K, reserved 1116160K
  class space    used 7515K, capacity 8174K, committed 8192K, reserved 1048576K
}

