# JRE version: OpenJDK Runtime Environment JBR-11.0.9.1.11-1145.63-jcef (11.0.9.1+11) (build 11.0.9.1+11-b1145.63)
# Java VM: OpenJDK 64-Bit Server VM JBR-11.0.9.1.11-1145.63-jcef (11.0.9.1+11-b1145.63, mixed mode, tiered, compressed oops, g1 gc, windows-amd64)
Heap:
 garbage-first heap   total 157696K, used 19971K [0x0000000081c00000, 0x0000000100000000)
  region size 1024K, 7 young (7168K), 7 survivors (7168K)
 Metaspace       used 41502K, capacity 42987K, committed 43096K, reserved 1089536K
  class space    used 5363K, capacity 5941K, committed 6016K, reserved 1048576K
GC Heap History (20 events):
Event: 1.856 GC heap before
{Heap before GC invocations=0 (full 0):
 garbage-first heap   total 131072K, used 14336K [0x0000000081c00000, 0x0000000100000000)
  region size 1024K, 14 young (14336K), 0 survivors (0K)
 Metaspace       used 12578K, capacity 12835K, committed 12928K, reserved 1060864K
  class space    used 1302K, capacity 1405K, committed 1408K, reserved 1048576K
}
Event: 1.865 GC heap after
{Heap after GC invocations=1 (full 0):
 garbage-first heap   total 131072K, used 6687K [0x0000000081c00000, 0x0000000100000000)
  region size 1024K, 2 young (2048K), 2 survivors (2048K)
 Metaspace       used 12578K, capacity 12835K, committed 12928K, reserved 1060864K
  class space    used 1302K, capacity 1405K, committed 1408K, reserved 1048576K
}
Event: 2.127 GC heap before
{Heap before GC invocations=1 (full 0):
 garbage-first heap   total 131072K, used 12831K [0x0000000081c00000, 0x0000000100000000)
  region size 1024K, 9 young (9216K), 2 survivors (2048K)
 Metaspace       used 14036K, capacity 14401K, committed 14720K, reserved 1062912K
  class space    used 1469K, capacity 1590K, committed 1664K, reserved 1048576K
}
Event: 2.133 GC heap after
{Heap after GC invocations=2 (full 0):
 garbage-first heap   total 131072K, used 7703K [0x0000000081c00000, 0x0000000100000000)
  region size 1024K, 1 young (1024K), 1 survivors (1024K)
 Metaspace       used 14036K, capacity 14401K, committed 14720K, reserved 1062912K
  class space    used 1469K, capacity 1590K, committed 1664K, reserved 1048576K
}
Event: 2.301 GC heap before
{Heap before GC invocations=2 (full 0):
 garbage-first heap   total 131072K, used 29207K [0x0000000081c00000, 0x0000000100000000)
  region size 1024K, 23 young (23552K), 1 survivors (1024K)
 Metaspace       used 14656K, capacity 15037K, committed 15360K, reserved 1062912K
  class space    used 1551K, capacity 1675K, committed 1792K, reserved 1048576K
}
Event: 2.304 GC heap after
{Heap after GC invocations=3 (full 0):
 garbage-first heap   total 131072K, used 8059K [0x0000000081c00000, 0x0000000100000000)
  region size 1024K, 2 young (2048K), 2 survivors (2048K)
 Metaspace       used 14656K, capacity 15037K, committed 15360K, reserved 1062912K
  class space    used 1551K, capacity 1675K, committed 1792K, reserved 1048576K
}
Event: 2.773 GC heap before
{Heap before GC invocations=3 (full 0):
 garbage-first heap   total 131072K, used 41851K [0x0000000081c00000, 0x0000000100000000)
  region size 1024K, 36 young (36864K), 2 survivors (2048K)
 Metaspace       used 17919K, capacity 18519K, committed 18688K, reserved 1064960K
  class space    used 2013K, capacity 2217K, committed 2304K, reserved 1048576K
}
Event: 2.786 GC heap after
{Heap after GC invocations=4 (full 0):
 garbage-first heap   total 131072K, used 8907K [0x0000000081c00000, 0x0000000100000000)
  region size 1024K, 2 young (2048K), 2 survivors (2048K)
 Metaspace       used 17919K, capacity 18519K, committed 18688K, reserved 1064960K
  class space    used 2013K, capacity 2217K, committed 2304K, reserved 1048576K
}
Event: 3.210 GC heap before
{Heap before GC invocations=4 (full 0):
 garbage-first heap   total 131072K, used 22219K [0x0000000081c00000, 0x0000000100000000)
  region size 1024K, 16 young (16384K), 2 survivors (2048K)
 Metaspace       used 20391K, capacity 21140K, committed 21296K, reserved 1069056K
  class space    used 2400K, capacity 2697K, committed 2816K, reserved 1048576K
}
Event: 3.218 GC heap after
{Heap after GC invocations=5 (full 0):
 garbage-first heap   total 131072K, used 9791K [0x0000000081c00000, 0x0000000100000000)
  region size 1024K, 3 young (3072K), 3 survivors (3072K)
 Metaspace       used 20391K, capacity 21140K, committed 21296K, reserved 1069056K
  class space    used 2400K, capacity 2697K, committed 2816K, reserved 1048576K
}
Event: 3.965 GC heap before
{Heap before GC invocations=6 (full 0):
 garbage-first heap   total 131072K, used 65087K [0x0000000081c00000, 0x0000000100000000)
  region size 1024K, 58 young (59392K), 3 survivors (3072K)
 Metaspace       used 24772K, capacity 25693K, committed 25856K, reserved 1071104K
  class space    used 2972K, capacity 3324K, committed 3328K, reserved 1048576K
}
Event: 3.978 GC heap after
{Heap after GC invocations=7 (full 0):
 garbage-first heap   total 131072K, used 11031K [0x0000000081c00000, 0x0000000100000000)
  region size 1024K, 4 young (4096K), 4 survivors (4096K)
 Metaspace       used 24772K, capacity 25693K, committed 25856K, reserved 1071104K
  class space    used 2972K, capacity 3324K, committed 3328K, reserved 1048576K
}
Event: 5.222 GC heap before
{Heap before GC invocations=8 (full 0):
 garbage-first heap   total 131072K, used 72471K [0x0000000081c00000, 0x0000000100000000)
  region size 1024K, 65 young (66560K), 4 survivors (4096K)
 Metaspace       used 28410K, capacity 29504K, committed 29696K, reserved 1075200K
  class space    used 3508K, capacity 3992K, committed 4096K, reserved 1048576K
}
Event: 5.236 GC heap after
{Heap after GC invocations=9 (full 0):
 garbage-first heap   total 157696K, used 13079K [0x0000000081c00000, 0x0000000100000000)
  region size 1024K, 6 young (6144K), 6 survivors (6144K)
 Metaspace       used 28410K, capacity 29504K, committed 29696K, reserved 1075200K
  class space    used 3508K, capacity 3992K, committed 4096K, reserved 1048576K
}
Event: 6.417 GC heap before
{Heap before GC invocations=9 (full 0):
 garbage-first heap   total 157696K, used 86807K [0x0000000081c00000, 0x0000000100000000)
  region size 1024K, 79 young (80896K), 6 survivors (6144K)
 Metaspace       used 33100K, capacity 34454K, committed 34688K, reserved 1079296K
  class space    used 4172K, capacity 4720K, committed 4736K, reserved 1048576K
}
Event: 6.433 GC heap after
{Heap after GC invocations=10 (full 0):
 garbage-first heap   total 157696K, used 16421K [0x0000000081c00000, 0x0000000100000000)
  region size 1024K, 8 young (8192K), 8 survivors (8192K)
 Metaspace       used 33100K, capacity 34454K, committed 34688K, reserved 1079296K
  class space    used 4172K, capacity 4720K, committed 4736K, reserved 1048576K
}
Event: 7.284 GC heap before
{Heap before GC invocations=10 (full 0):
 garbage-first heap   total 157696K, used 96293K [0x0000000081c00000, 0x0000000100000000)
  region size 1024K, 87 young (89088K), 8 survivors (8192K)
 Metaspace       used 37210K, capacity 38638K, committed 38912K, reserved 1083392K
  class space    used 4729K, capacity 5281K, committed 5376K, reserved 1048576K
}
Event: 7.298 GC heap after
{Heap after GC invocations=11 (full 0):
 garbage-first heap   total 157696K, used 17814K [0x0000000081c00000, 0x0000000100000000)
  region size 1024K, 7 young (7168K), 7 survivors (7168K)
 Metaspace       used 37210K, capacity 38638K, committed 38912K, reserved 1083392K
  class space    used 4729K, capacity 5281K, committed 5376K, reserved 1048576K
}
Event: 7.886 GC heap before
{Heap before GC invocations=11 (full 0):
 garbage-first heap   total 157696K, used 43414K [0x0000000081c00000, 0x0000000100000000)
  region size 1024K, 33 young (33792K), 7 survivors (7168K)
 Metaspace       used 41502K, capacity 42987K, committed 43096K, reserved 1087488K
  class space    used 5363K, capacity 5941K, committed 6016K, reserved 1048576K
}
Event: 7.904 GC heap after
{Heap after GC invocations=12 (full 0):
 garbage-first heap   total 157696K, used 19971K [0x0000000081c00000, 0x0000000100000000)
  region size 1024K, 7 young (7168K), 7 survivors (7168K)
 Metaspace       used 41502K, capacity 42987K, committed 43096K, reserved 1087488K
  class space    used 5363K, capacity 5941K, committed 6016K, reserved 1048576K
}

